<?xml version="1.0" encoding="UTF-8"?>
<!-- Generated by org.testng.reporters.JUnitXMLReporter -->
<testsuite ignored="0" hostname="WIN-G5SCJU3N5TM" failures="1" tests="5" name="Submit Order Test" time="53.503" errors="0" timestamp="2024-10-02T18:16:49 IST">
  <testcase classname="testcases.SubmitOrderE2ETest" name="submitOrder" time="3.483"/>
  <testcase classname="testcases.SubmitOrderE2ETest" name="submitOrder" time="2.832"/>
  <testcase classname="testcases.SubmitOrderE2ETest" name="submitOrderNegativeTest" time="2.156">
    <failure type="java.lang.AssertionError" message="expected [true] but found [false]">
      <![CDATA[java.lang.AssertionError: expected [true] but found [false]
at testcases.SubmitOrderE2ETest.submitOrderNegativeTest(SubmitOrderE2ETest.java:81)
at java.base/java.util.ArrayList.forEach(ArrayList.java:1596)
at java.base/java.util.concurrent.FutureTask.run(FutureTask.java:317)
at java.base/java.util.concurrent.ThreadPoolExecutor.runWorker(ThreadPoolExecutor.java:1144)
at java.base/java.util.concurrent.ThreadPoolExecutor$Worker.run(ThreadPoolExecutor.java:642)
at java.base/java.lang.Thread.run(Thread.java:1583)
... Removed 19 stack frames]]>
    </failure>
  </testcase> <!-- submitOrderNegativeTest -->
  <testcase classname="testcases.SubmitOrderE2ETest" name="submitOrderNegativeTest" time="2.306"/>
  <testcase classname="testcases.SubmitOrderE2ETest" name="verifyOrderTest" time="0.972"/>
</testsuite> <!-- Submit Order Test -->
